[0525/104358.096:ERROR:process_memory_win.cc(73)] ReadMemory at 0x2d6c5963cc0 of 72 bytes failed: Only part of a ReadProcessMemory or WriteProcessMemory request was completed. (0x12B)
[0525/104359.146:WARNING:pe_image_annotations_reader.cc(134)] could not read annotations list object in C:\Program Files (x86)\Google\Chrome\Application\81.0.4044.138\chrome_elf.dll
[0525/104359.146:ERROR:process_memory_win.cc(73)] ReadMemory at 0x2d6c5dc5410 of 72 bytes failed: Only part of a ReadProcessMemory or WriteProcessMemory request was completed. (0x12B)
[0525/104359.146:WARNING:pe_image_annotations_reader.cc(134)] could not read annotations list object in C:\Program Files (x86)\Google\Chrome\Application\81.0.4044.138\chrome.dll
[0525/104359.528:ERROR:process_memory_win.cc(73)] ReadMemory at 0x2d6c5963cc0 of 72 bytes failed: Only part of a ReadProcessMemory or WriteProcessMemory request was completed. (0x12B)
[0525/104359.586:WARNING:pe_image_annotations_reader.cc(134)] could not read annotations list object in C:\Program Files (x86)\Google\Chrome\Application\81.0.4044.138\chrome_elf.dll
[0525/104359.586:ERROR:process_memory_win.cc(73)] ReadMemory at 0x2d6c5dc5410 of 72 bytes failed: Only part of a ReadProcessMemory or WriteProcessMemory request was completed. (0x12B)
[0525/104359.586:WARNING:pe_image_annotations_reader.cc(134)] could not read annotations list object in C:\Program Files (x86)\Google\Chrome\Application\81.0.4044.138\chrome.dll
[0525/104359.590:ERROR:process_memory_win.cc(73)] ReadMemory at 0x2d6c5963cc0 of 72 bytes failed: Only part of a ReadProcessMemory or WriteProcessMemory request was completed. (0x12B)
[0525/104359.590:WARNING:pe_image_annotations_reader.cc(134)] could not read annotations list object in C:\Program Files (x86)\Google\Chrome\Application\81.0.4044.138\chrome_elf.dll
[0525/104359.590:ERROR:process_memory_win.cc(73)] ReadMemory at 0x2d6c5dc5410 of 72 bytes failed: Only part of a ReadProcessMemory or WriteProcessMemory request was completed. (0x12B)
[0525/104359.590:WARNING:pe_image_annotations_reader.cc(134)] could not read annotations list object in C:\Program Files (x86)\Google\Chrome\Application\81.0.4044.138\chrome.dll
[0525/104359.767:ERROR:process_memory_win.cc(73)] ReadMemory at 0xe4ba7e7000 of 102400 bytes failed: Only part of a ReadProcessMemory or WriteProcessMemory request was completed. (0x12B)
[0525/104359.820:ERROR:process_memory_win.cc(73)] ReadMemory at 0xe4baffd000 of 12288 bytes failed: Only part of a ReadProcessMemory or WriteProcessMemory request was completed. (0x12B)
[0525/104359.820:ERROR:process_memory_win.cc(73)] ReadMemory at 0xe4bbffd000 of 12288 bytes failed: Only part of a ReadProcessMemory or WriteProcessMemory request was completed. (0x12B)
[0525/104359.820:ERROR:process_memory_win.cc(73)] ReadMemory at 0xe4bc7fc000 of 16384 bytes failed: Only part of a ReadProcessMemory or WriteProcessMemory request was completed. (0x12B)
[0525/104359.820:ERROR:process_memory_win.cc(73)] ReadMemory at 0xe4bcffe000 of 8192 bytes failed: Only part of a ReadProcessMemory or WriteProcessMemory request was completed. (0x12B)
[0525/104359.820:ERROR:process_memory_win.cc(73)] ReadMemory at 0xe4bd7fd000 of 12288 bytes failed: Only part of a ReadProcessMemory or WriteProcessMemory request was completed. (0x12B)
[0525/104359.820:ERROR:process_memory_win.cc(73)] ReadMemory at 0xe4bdffb000 of 20480 bytes failed: Only part of a ReadProcessMemory or WriteProcessMemory request was completed. (0x12B)
[0525/104359.820:ERROR:process_memory_win.cc(73)] ReadMemory at 0xe4beffd000 of 12288 bytes failed: Only part of a ReadProcessMemory or WriteProcessMemory request was completed. (0x12B)
[0525/104359.824:ERROR:process_memory_win.cc(73)] ReadMemory at 0xe4bf7f7000 of 36864 bytes failed: Only part of a ReadProcessMemory or WriteProcessMemory request was completed. (0x12B)
[0525/104359.824:ERROR:process_memory_win.cc(73)] ReadMemory at 0xe4bfff5000 of 45056 bytes failed: Only part of a ReadProcessMemory or WriteProcessMemory request was completed. (0x12B)
[0525/104359.824:ERROR:process_memory_win.cc(73)] ReadMemory at 0xe4c07fc000 of 16384 bytes failed: Only part of a ReadProcessMemory or WriteProcessMemory request was completed. (0x12B)
[0525/104359.824:ERROR:process_memory_win.cc(73)] ReadMemory at 0xe4be7fd000 of 12288 bytes failed: Only part of a ReadProcessMemory or WriteProcessMemory request was completed. (0x12B)
[0525/104359.824:ERROR:process_memory_win.cc(73)] ReadMemory at 0xe4bb7fd000 of 12288 bytes failed: Only part of a ReadProcessMemory or WriteProcessMemory request was completed. (0x12B)
[0525/104359.824:ERROR:process_memory_win.cc(73)] ReadMemory at 0xe4c17ff000 of 4096 bytes failed: Only part of a ReadProcessMemory or WriteProcessMemory request was completed. (0x12B)
[0525/104359.824:ERROR:process_memory_win.cc(73)] ReadMemory at 0xe4c0fff000 of 4096 bytes failed: Only part of a ReadProcessMemory or WriteProcessMemory request was completed. (0x12B)
[0525/104359.828:ERROR:process_memory_win.cc(73)] ReadMemory at 0xe4b9e3a000 of 6024 bytes failed: Only part of a ReadProcessMemory or WriteProcessMemory request was completed. (0x12B)
[0525/104359.828:ERROR:process_memory_win.cc(73)] ReadMemory at 0xe4b9e42000 of 6024 bytes failed: Only part of a ReadProcessMemory or WriteProcessMemory request was completed. (0x12B)
[0525/104359.828:ERROR:process_memory_win.cc(73)] ReadMemory at 0xe4b9e46000 of 6024 bytes failed: Only part of a ReadProcessMemory or WriteProcessMemory request was completed. (0x12B)
[0525/104359.828:ERROR:process_memory_win.cc(73)] ReadMemory at 0xe4b9f9e000 of 852 bytes failed: Only part of a ReadProcessMemory or WriteProcessMemory request was completed. (0x12B)
[0525/104359.828:ERROR:process_memory_win.cc(73)] ReadMemory at 0xe4b9f9f000 of 6024 bytes failed: Only part of a ReadProcessMemory or WriteProcessMemory request was completed. (0x12B)
[0525/104359.828:ERROR:process_memory_win.cc(73)] ReadMemory at 0xe4b9fa1000 of 6024 bytes failed: Only part of a ReadProcessMemory or WriteProcessMemory request was completed. (0x12B)
[0525/104359.828:ERROR:process_memory_win.cc(73)] ReadMemory at 0xe4b9fa5000 of 6024 bytes failed: Only part of a ReadProcessMemory or WriteProcessMemory request was completed. (0x12B)
[0525/104359.832:ERROR:process_memory_win.cc(73)] ReadMemory at 0xe4b9fa7000 of 6024 bytes failed: Only part of a ReadProcessMemory or WriteProcessMemory request was completed. (0x12B)
[0525/104359.832:ERROR:process_memory_win.cc(73)] ReadMemory at 0xe4b9fa9000 of 6024 bytes failed: Only part of a ReadProcessMemory or WriteProcessMemory request was completed. (0x12B)
[0525/104359.832:ERROR:process_memory_win.cc(73)] ReadMemory at 0xe4b9fab000 of 6024 bytes failed: Only part of a ReadProcessMemory or WriteProcessMemory request was completed. (0x12B)
[0525/104359.832:ERROR:process_memory_win.cc(73)] ReadMemory at 0xe4b9fad000 of 6024 bytes failed: Only part of a ReadProcessMemory or WriteProcessMemory request was completed. (0x12B)
[0525/104359.832:ERROR:process_memory_win.cc(73)] ReadMemory at 0xe4b9fb1000 of 6024 bytes failed: Only part of a ReadProcessMemory or WriteProcessMemory request was completed. (0x12B)
[0525/104359.836:ERROR:process_memory_win.cc(73)] ReadMemory at 0xe4b9fb3000 of 6024 bytes failed: Only part of a ReadProcessMemory or WriteProcessMemory request was completed. (0x12B)
[0525/104359.836:ERROR:process_memory_win.cc(73)] ReadMemory at 0xe4b9fb5000 of 6024 bytes failed: Only part of a ReadProcessMemory or WriteProcessMemory request was completed. (0x12B)
[0525/104359.836:ERROR:process_memory_win.cc(73)] ReadMemory at 0xe4b9fb7000 of 6024 bytes failed: Only part of a ReadProcessMemory or WriteProcessMemory request was completed. (0x12B)
[0525/104359.836:ERROR:process_memory_win.cc(73)] ReadMemory at 0xe4b9fbd000 of 6024 bytes failed: Only part of a ReadProcessMemory or WriteProcessMemory request was completed. (0x12B)
[0525/104359.840:ERROR:process_memory_win.cc(73)] ReadMemory at 0x2d6c5830750 of 80 bytes failed: Only part of a ReadProcessMemory or WriteProcessMemory request was completed. (0x12B)
[0525/104359.840:ERROR:process_memory_win.cc(73)] ReadMemory at 0x2d6c5830ad0 of 512 bytes failed: Only part of a ReadProcessMemory or WriteProcessMemory request was completed. (0x12B)
[0525/104359.964:ERROR:process_memory_win.cc(73)] ReadMemory at 0x2d6c5830fe0 of 6906 bytes failed: Only part of a ReadProcessMemory or WriteProcessMemory request was completed. (0x12B)
[0525/104359.964:ERROR:process_memory_win.cc(73)] ReadMemory at 0x2d6c5832af0 of 1012 bytes failed: Only part of a ReadProcessMemory or WriteProcessMemory request was completed. (0x12B)
[0525/104359.964:ERROR:process_memory_win.cc(73)] ReadMemory at 0x2d6c5833138 of 118 bytes failed: Only part of a ReadProcessMemory or WriteProcessMemory request was completed. (0x12B)
[0525/104359.964:ERROR:process_memory_win.cc(73)] ReadMemory at 0x2d6c58331b0 of 750 bytes failed: Only part of a ReadProcessMemory or WriteProcessMemory request was completed. (0x12B)
[0525/104359.964:ERROR:process_memory_win.cc(73)] ReadMemory at 0x2d6c58334a0 of 118 bytes failed: Only part of a ReadProcessMemory or WriteProcessMemory request was completed. (0x12B)
[0525/104359.964:ERROR:process_memory_win.cc(73)] ReadMemory at 0x2d6c5833518 of 96 bytes failed: Only part of a ReadProcessMemory or WriteProcessMemory request was completed. (0x12B)
[0525/104359.964:ERROR:process_memory_win.cc(73)] ReadMemory at 0x2d6c5833590 of 58 bytes failed: Only part of a ReadProcessMemory or WriteProcessMemory request was completed. (0x12B)
[0525/104359.968:ERROR:process_memory_win.cc(73)] ReadMemory at 0x2d6c5833690 of 132 bytes failed: Only part of a ReadProcessMemory or WriteProcessMemory request was completed. (0x12B)
[0525/104359.968:ERROR:process_memory_win.cc(73)] ReadMemory at 0x2d6c5833820 of 132 bytes failed: Only part of a ReadProcessMemory or WriteProcessMemory request was completed. (0x12B)
[0525/104359.968:ERROR:process_memory_win.cc(73)] ReadMemory at 0x2d6c58339e0 of 126 bytes failed: Only part of a ReadProcessMemory or WriteProcessMemory request was completed. (0x12B)
[0525/104359.968:ERROR:process_memory_win.cc(73)] ReadMemory at 0x2d6c5833dc0 of 132 bytes failed: Only part of a ReadProcessMemory or WriteProcessMemory request was completed. (0x12B)
[0525/104359.968:ERROR:process_memory_win.cc(73)] ReadMemory at 0x2d6c5833f50 of 64 bytes failed: Only part of a ReadProcessMemory or WriteProcessMemory request was completed. (0x12B)
[0525/104359.968:ERROR:process_memory_win.cc(73)] ReadMemory at 0x2d6c5833fa0 of 132 bytes failed: Only part of a ReadProcessMemory or WriteProcessMemory request was completed. (0x12B)
[0525/104359.968:ERROR:process_memory_win.cc(73)] ReadMemory at 0x2d6c5834110 of 132 bytes failed: Only part of a ReadProcessMemory or WriteProcessMemory request was completed. (0x12B)
[0525/104359.968:ERROR:process_memory_win.cc(73)] ReadMemory at 0x2d6c58343b0 of 132 bytes failed: Only part of a ReadProcessMemory or WriteProcessMemory request was completed. (0x12B)
[0525/104359.968:ERROR:process_memory_win.cc(73)] ReadMemory at 0x2d6c5834540 of 68 bytes failed: Only part of a ReadProcessMemory or WriteProcessMemory request was completed. (0x12B)
[0525/104359.968:ERROR:process_memory_win.cc(73)] ReadMemory at 0x2d6c5835600 of 132 bytes failed: Only part of a ReadProcessMemory or WriteProcessMemory request was completed. (0x12B)
[0525/104359.968:ERROR:process_memory_win.cc(73)] ReadMemory at 0x2d6c5835790 of 154 bytes failed: Only part of a ReadProcessMemory or WriteProcessMemory request was completed. (0x12B)
[0525/104359.968:ERROR:process_memory_win.cc(73)] ReadMemory at 0x2d6c5836460 of 132 bytes failed: Only part of a ReadProcessMemory or WriteProcessMemory request was completed. (0x12B)
[0525/104359.972:ERROR:process_memory_win.cc(73)] ReadMemory at 0x2d6c58365b0 of 62 bytes failed: Only part of a ReadProcessMemory or WriteProcessMemory request was completed. (0x12B)
[0525/104359.972:ERROR:process_memory_win.cc(73)] ReadMemory at 0x2d6c5836630 of 146 bytes failed: Only part of a ReadProcessMemory or WriteProcessMemory request was completed. (0x12B)
[0525/104359.972:ERROR:process_memory_win.cc(73)] ReadMemory at 0x2d6c5836710 of 132 bytes failed: Only part of a ReadProcessMemory or WriteProcessMemory request was completed. (0x12B)
[0525/104359.972:ERROR:process_memory_win.cc(73)] ReadMemory at 0x2d6c58368a0 of 60 bytes failed: Only part of a ReadProcessMemory or WriteProcessMemory request was completed. (0x12B)
[0525/104359.972:ERROR:process_memory_win.cc(73)] ReadMemory at 0x2d6c5838da0 of 132 bytes failed: Only part of a ReadProcessMemory or WriteProcessMemory request was completed. (0x12B)
[0525/104359.972:ERROR:process_memory_win.cc(73)] ReadMemory at 0x2d6c583bca0 of 60 bytes failed: Only part of a ReadProcessMemory or WriteProcessMemory request was completed. (0x12B)
[0525/104359.972:ERROR:process_memory_win.cc(73)] ReadMemory at 0x2d6c583bd40 of 64 bytes failed: Only part of a ReadProcessMemory or WriteProcessMemory request was completed. (0x12B)
[0525/104359.972:ERROR:process_memory_win.cc(73)] ReadMemory at 0x2d6c583be80 of 62 bytes failed: Only part of a ReadProcessMemory or WriteProcessMemory request was completed. (0x12B)
[0525/104359.972:ERROR:process_memory_win.cc(73)] ReadMemory at 0x2d6c583bed0 of 60 bytes failed: Only part of a ReadProcessMemory or WriteProcessMemory request was completed. (0x12B)
[0525/104359.972:ERROR:process_memory_win.cc(73)] ReadMemory at 0x2d6c583bf20 of 64 bytes failed: Only part of a ReadProcessMemory or WriteProcessMemory request was completed. (0x12B)
[0525/104359.972:ERROR:process_memory_win.cc(73)] ReadMemory at 0x2d6c583c100 of 64 bytes failed: Only part of a ReadProcessMemory or WriteProcessMemory request was completed. (0x12B)
[0525/104359.972:ERROR:process_memory_win.cc(73)] ReadMemory at 0x2d6c583c2e0 of 64 bytes failed: Only part of a ReadProcessMemory or WriteProcessMemory request was completed. (0x12B)
[0525/104359.976:ERROR:process_memory_win.cc(73)] ReadMemory at 0x2d6c583c330 of 62 bytes failed: Only part of a ReadProcessMemory or WriteProcessMemory request was completed. (0x12B)
[0525/104359.988:ERROR:process_memory_win.cc(73)] ReadMemory at 0x2d6c583c380 of 66 bytes failed: Only part of a ReadProcessMemory or WriteProcessMemory request was completed. (0x12B)
[0525/104359.988:ERROR:process_memory_win.cc(73)] ReadMemory at 0x2d6c583c6f0 of 80 bytes failed: Only part of a ReadProcessMemory or WriteProcessMemory request was completed. (0x12B)
[0525/104359.988:ERROR:process_memory_win.cc(73)] ReadMemory at 0x2d6c583cbd0 of 76 bytes failed: Only part of a ReadProcessMemory or WriteProcessMemory request was completed. (0x12B)
[0525/104359.988:ERROR:process_memory_win.cc(73)] ReadMemory at 0x2d6c583ebc0 of 132 bytes failed: Only part of a ReadProcessMemory or WriteProcessMemory request was completed. (0x12B)
[0525/104359.988:ERROR:process_memory_win.cc(73)] ReadMemory at 0x2d6c583edd0 of 132 bytes failed: Only part of a ReadProcessMemory or WriteProcessMemory request was completed. (0x12B)
[0525/104359.988:ERROR:process_memory_win.cc(73)] ReadMemory at 0x2d6c583fc10 of 132 bytes failed: Only part of a ReadProcessMemory or WriteProcessMemory request was completed. (0x12B)
[0525/104359.988:ERROR:process_memory_win.cc(73)] ReadMemory at 0x2d6c5840730 of 132 bytes failed: Only part of a ReadProcessMemory or WriteProcessMemory request was completed. (0x12B)
[0525/104359.988:ERROR:process_memory_win.cc(73)] ReadMemory at 0x2d6c5840d30 of 54 bytes failed: Only part of a ReadProcessMemory or WriteProcessMemory request was completed. (0x12B)
[0525/104359.988:ERROR:process_memory_win.cc(73)] ReadMemory at 0x2d6c5841b60 of 132 bytes failed: Only part of a ReadProcessMemory or WriteProcessMemory request was completed. (0x12B)
[0525/104359.988:ERROR:process_memory_win.cc(73)] ReadMemory at 0x2d6c5841d80 of 132 bytes failed: Only part of a ReadProcessMemory or WriteProcessMemory request was completed. (0x12B)
[0525/104359.988:ERROR:process_memory_win.cc(73)] ReadMemory at 0x2d6c5843680 of 132 bytes failed: Only part of a ReadProcessMemory or WriteProcessMemory request was completed. (0x12B)
[0525/104359.988:ERROR:process_memory_win.cc(73)] ReadMemory at 0x2d6c5845310 of 132 bytes failed: Only part of a ReadProcessMemory or WriteProcessMemory request was completed. (0x12B)
[0525/104359.992:ERROR:process_memory_win.cc(73)] ReadMemory at 0x2d6c5845440 of 132 bytes failed: Only part of a ReadProcessMemory or WriteProcessMemory request was completed. (0x12B)
[0525/104359.992:ERROR:process_memory_win.cc(73)] ReadMemory at 0x2d6c5845570 of 132 bytes failed: Only part of a ReadProcessMemory or WriteProcessMemory request was completed. (0x12B)
[0525/104359.992:ERROR:process_memory_win.cc(73)] ReadMemory at 0x2d6c58457d0 of 132 bytes failed: Only part of a ReadProcessMemory or WriteProcessMemory request was completed. (0x12B)
[0525/104359.992:ERROR:process_memory_win.cc(73)] ReadMemory at 0x2d6c5845900 of 132 bytes failed: Only part of a ReadProcessMemory or WriteProcessMemory request was completed. (0x12B)
[0525/104359.992:ERROR:process_memory_win.cc(73)] ReadMemory at 0x2d6c5845a30 of 132 bytes failed: Only part of a ReadProcessMemory or WriteProcessMemory request was completed. (0x12B)
[0525/104359.992:ERROR:process_memory_win.cc(73)] ReadMemory at 0x2d6c5845b60 of 132 bytes failed: Only part of a ReadProcessMemory or WriteProcessMemory request was completed. (0x12B)
[0525/104359.992:ERROR:process_memory_win.cc(73)] ReadMemory at 0x2d6c5845c90 of 132 bytes failed: Only part of a ReadProcessMemory or WriteProcessMemory request was completed. (0x12B)
[0525/104359.992:ERROR:process_memory_win.cc(73)] ReadMemory at 0x2d6c5845dc0 of 132 bytes failed: Only part of a ReadProcessMemory or WriteProcessMemory request was completed. (0x12B)
[0525/104359.992:ERROR:process_memory_win.cc(73)] ReadMemory at 0x2d6c5845ef0 of 132 bytes failed: Only part of a ReadProcessMemory or WriteProcessMemory request was completed. (0x12B)
[0525/104400.049:ERROR:process_memory_win.cc(73)] ReadMemory at 0x2d6c5846020 of 132 bytes failed: Only part of a ReadProcessMemory or WriteProcessMemory request was completed. (0x12B)
[0525/104400.049:ERROR:process_memory_win.cc(73)] ReadMemory at 0x2d6c5846150 of 132 bytes failed: Only part of a ReadProcessMemory or WriteProcessMemory request was completed. (0x12B)
[0525/104400.049:ERROR:process_memory_win.cc(73)] ReadMemory at 0x2d6c5846980 of 58 bytes failed: Only part of a ReadProcessMemory or WriteProcessMemory request was completed. (0x12B)
[0525/104400.053:ERROR:process_memory_win.cc(73)] ReadMemory at 0x2d6c5846b10 of 62 bytes failed: Only part of a ReadProcessMemory or WriteProcessMemory request was completed. (0x12B)
[0525/104400.053:ERROR:process_memory_win.cc(73)] ReadMemory at 0x2d6c5846b60 of 64 bytes failed: Only part of a ReadProcessMemory or WriteProcessMemory request was completed. (0x12B)
[0525/104400.053:ERROR:process_memory_win.cc(73)] ReadMemory at 0x2d6c5846bb0 of 60 bytes failed: Only part of a ReadProcessMemory or WriteProcessMemory request was completed. (0x12B)
[0525/104400.053:ERROR:process_memory_win.cc(73)] ReadMemory at 0x2d6c5846c50 of 60 bytes failed: Only part of a ReadProcessMemory or WriteProcessMemory request was completed. (0x12B)
[0525/104400.053:ERROR:process_memory_win.cc(73)] ReadMemory at 0x2d6c5846d40 of 60 bytes failed: Only part of a ReadProcessMemory or WriteProcessMemory request was completed. (0x12B)
[0525/104400.053:ERROR:process_memory_win.cc(73)] ReadMemory at 0x2d6c5846d90 of 62 bytes failed: Only part of a ReadProcessMemory or WriteProcessMemory request was completed. (0x12B)
[0525/104400.057:ERROR:process_memory_win.cc(73)] ReadMemory at 0x2d6c5846de0 of 62 bytes failed: Only part of a ReadProcessMemory or WriteProcessMemory request was completed. (0x12B)
[0525/104400.057:ERROR:process_memory_win.cc(73)] ReadMemory at 0x2d6c5847010 of 62 bytes failed: Only part of a ReadProcessMemory or WriteProcessMemory request was completed. (0x12B)
[0525/104400.057:ERROR:process_memory_win.cc(73)] ReadMemory at 0x2d6c58470b0 of 64 bytes failed: Only part of a ReadProcessMemory or WriteProcessMemory request was completed. (0x12B)
[0525/104400.061:ERROR:process_memory_win.cc(73)] ReadMemory at 0x2d6c5847150 of 62 bytes failed: Only part of a ReadProcessMemory or WriteProcessMemory request was completed. (0x12B)
[0525/104400.061:ERROR:process_memory_win.cc(73)] ReadMemory at 0x2d6c58471a0 of 62 bytes failed: Only part of a ReadProcessMemory or WriteProcessMemory request was completed. (0x12B)
[0525/104400.146:ERROR:process_memory_win.cc(73)] ReadMemory at 0x2d6c5847330 of 62 bytes failed: Only part of a ReadProcessMemory or WriteProcessMemory request was completed. (0x12B)
[0525/104400.146:ERROR:process_memory_win.cc(73)] ReadMemory at 0x2d6c5847470 of 62 bytes failed: Only part of a ReadProcessMemory or WriteProcessMemory request was completed. (0x12B)
[0525/104400.150:ERROR:process_memory_win.cc(73)] ReadMemory at 0x2d6c58474c0 of 66 bytes failed: Only part of a ReadProcessMemory or WriteProcessMemory request was completed. (0x12B)
[0525/104400.150:ERROR:process_memory_win.cc(73)] ReadMemory at 0x2d6c5847510 of 60 bytes failed: Only part of a ReadProcessMemory or WriteProcessMemory request was completed. (0x12B)
[0525/104400.150:ERROR:process_memory_win.cc(73)] ReadMemory at 0x2d6c5847560 of 64 bytes failed: Only part of a ReadProcessMemory or WriteProcessMemory request was completed. (0x12B)
[0525/104400.150:ERROR:process_memory_win.cc(73)] ReadMemory at 0x2d6c5847880 of 64 bytes failed: Only part of a ReadProcessMemory or WriteProcessMemory request was completed. (0x12B)
[0525/104400.150:ERROR:process_memory_win.cc(73)] ReadMemory at 0x2d6c5847f30 of 132 bytes failed: Only part of a ReadProcessMemory or WriteProcessMemory request was completed. (0x12B)
[0525/104400.197:ERROR:process_memory_win.cc(73)] ReadMemory at 0x2d6c5848060 of 132 bytes failed: Only part of a ReadProcessMemory or WriteProcessMemory request was completed. (0x12B)
[0525/104400.215:ERROR:process_memory_win.cc(73)] ReadMemory at 0x2d6c5848190 of 132 bytes failed: Only part of a ReadProcessMemory or WriteProcessMemory request was completed. (0x12B)
[0525/104400.215:ERROR:process_memory_win.cc(73)] ReadMemory at 0x2d6c58482c0 of 132 bytes failed: Only part of a ReadProcessMemory or WriteProcessMemory request was completed. (0x12B)
[0525/104400.215:ERROR:process_memory_win.cc(73)] ReadMemory at 0x2d6c5848650 of 132 bytes failed: Only part of a ReadProcessMemory or WriteProcessMemory request was completed. (0x12B)
[0525/104400.215:ERROR:process_memory_win.cc(73)] ReadMemory at 0x2d6c5848780 of 132 bytes failed: Only part of a ReadProcessMemory or WriteProcessMemory request was completed. (0x12B)
[0525/104400.215:ERROR:process_memory_win.cc(73)] ReadMemory at 0x2d6c58488b0 of 132 bytes failed: Only part of a ReadProcessMemory or WriteProcessMemory request was completed. (0x12B)
[0525/104400.215:ERROR:process_memory_win.cc(73)] ReadMemory at 0x2d6c5848d70 of 132 bytes failed: Only part of a ReadProcessMemory or WriteProcessMemory request was completed. (0x12B)
[0525/104400.219:ERROR:process_memory_win.cc(73)] ReadMemory at 0x2d6c5849230 of 132 bytes failed: Only part of a ReadProcessMemory or WriteProcessMemory request was completed. (0x12B)
[0525/104400.231:ERROR:process_memory_win.cc(73)] ReadMemory at 0x2d6c5849360 of 132 bytes failed: Only part of a ReadProcessMemory or WriteProcessMemory request was completed. (0x12B)
[0525/104400.231:ERROR:process_memory_win.cc(73)] ReadMemory at 0x2d6c585e4a0 of 512 bytes failed: Only part of a ReadProcessMemory or WriteProcessMemory request was completed. (0x12B)
[0525/104400.231:ERROR:process_memory_win.cc(73)] ReadMemory at 0x2d6c585f240 of 512 bytes failed: Only part of a ReadProcessMemory or WriteProcessMemory request was completed. (0x12B)
[0525/104400.248:ERROR:process_memory_win.cc(73)] ReadMemory at 0x2d6c58699e0 of 512 bytes failed: Only part of a ReadProcessMemory or WriteProcessMemory request was completed. (0x12B)
[0525/104400.248:ERROR:process_memory_win.cc(73)] ReadMemory at 0x2d6c5869d60 of 512 bytes failed: Only part of a ReadProcessMemory or WriteProcessMemory request was completed. (0x12B)
[0525/104400.248:ERROR:process_memory_win.cc(73)] ReadMemory at 0x2d6c5a20dc0 of 512 bytes failed: Only part of a ReadProcessMemory or WriteProcessMemory request was completed. (0x12B)
[0525/104400.248:ERROR:process_memory_win.cc(73)] ReadMemory at 0x2d6c5a21900 of 512 bytes failed: Only part of a ReadProcessMemory or WriteProcessMemory request was completed. (0x12B)
[0525/104400.248:ERROR:process_memory_win.cc(73)] ReadMemory at 0x2d6c5a21cc0 of 512 bytes failed: Only part of a ReadProcessMemory or WriteProcessMemory request was completed. (0x12B)
[0525/104400.424:ERROR:process_memory_win.cc(73)] ReadMemory at 0x2d6c5df2030 of 512 bytes failed: Only part of a ReadProcessMemory or WriteProcessMemory request was completed. (0x12B)
[0525/104400.424:ERROR:process_memory_win.cc(73)] ReadMemory at 0x2d6c5e01450 of 512 bytes failed: Only part of a ReadProcessMemory or WriteProcessMemory request was completed. (0x12B)
[0525/104400.424:ERROR:process_memory_win.cc(73)] ReadMemory at 0x2d6c5e02678 of 512 bytes failed: Only part of a ReadProcessMemory or WriteProcessMemory request was completed. (0x12B)
[0525/104400.424:ERROR:process_memory_win.cc(73)] ReadMemory at 0x2d6c5e030f0 of 512 bytes failed: Only part of a ReadProcessMemory or WriteProcessMemory request was completed. (0x12B)
[0525/104400.424:ERROR:process_memory_win.cc(73)] ReadMemory at 0x2d6c5e31310 of 712 bytes failed: Only part of a ReadProcessMemory or WriteProcessMemory request was completed. (0x12B)
[0525/104400.424:ERROR:process_memory_win.cc(73)] ReadMemory at 0x2d6c5eeff80 of 512 bytes failed: Only part of a ReadProcessMemory or WriteProcessMemory request was completed. (0x12B)
[0525/104400.424:ERROR:process_memory_win.cc(73)] ReadMemory at 0x2d6c7541b40 of 512 bytes failed: Only part of a ReadProcessMemory or WriteProcessMemory request was completed. (0x12B)
[0525/104400.428:ERROR:process_memory_win.cc(73)] ReadMemory at 0x2d6c7545e80 of 512 bytes failed: Only part of a ReadProcessMemory or WriteProcessMemory request was completed. (0x12B)
[0525/104400.592:ERROR:process_memory_win.cc(73)] ReadMemory at 0x2d6c76976e0 of 512 bytes failed: Only part of a ReadProcessMemory or WriteProcessMemory request was completed. (0x12B)
[0525/104400.592:ERROR:process_memory_win.cc(73)] ReadMemory at 0x2d6df8b5080 of 512 bytes failed: Only part of a ReadProcessMemory or WriteProcessMemory request was completed. (0x12B)
[0525/104400.592:ERROR:process_memory_win.cc(73)] ReadMemory at 0x2d6df8b55f0 of 656 bytes failed: Only part of a ReadProcessMemory or WriteProcessMemory request was completed. (0x12B)
[0525/104400.616:ERROR:process_memory_win.cc(73)] ReadMemory at 0x2d6df8dc800 of 512 bytes failed: Only part of a ReadProcessMemory or WriteProcessMemory request was completed. (0x12B)
[0525/104400.616:ERROR:process_memory_win.cc(73)] ReadMemory at 0x2d6e165b7a0 of 512 bytes failed: Only part of a ReadProcessMemory or WriteProcessMemory request was completed. (0x12B)
[0525/104400.616:ERROR:process_memory_win.cc(73)] ReadMemory at 0x2d6e4a0bff0 of 512 bytes failed: Only part of a ReadProcessMemory or WriteProcessMemory request was completed. (0x12B)
[0525/104400.616:ERROR:process_memory_win.cc(73)] ReadMemory at 0x2d6e63f7120 of 512 bytes failed: Only part of a ReadProcessMemory or WriteProcessMemory request was completed. (0x12B)
[0525/104400.616:ERROR:process_memory_win.cc(73)] ReadMemory at 0x7ffc7197b0c2 of 512 bytes failed: Only part of a ReadProcessMemory or WriteProcessMemory request was completed. (0x12B)
[0525/104400.616:ERROR:process_memory_win.cc(73)] ReadMemory at 0x7ffc762c9110 of 512 bytes failed: Only part of a ReadProcessMemory or WriteProcessMemory request was completed. (0x12B)
[0525/104400.620:ERROR:process_memory_win.cc(73)] ReadMemory at 0x7ffc762ec548 of 512 bytes failed: Only part of a ReadProcessMemory or WriteProcessMemory request was completed. (0x12B)
[0525/104400.620:ERROR:process_memory_win.cc(73)] ReadMemory at 0x7ffc88aa7a55 of 512 bytes failed: Only part of a ReadProcessMemory or WriteProcessMemory request was completed. (0x12B)
[0525/104400.620:ERROR:process_memory_win.cc(73)] ReadMemory at 0x7ffc88aa8245 of 512 bytes failed: Only part of a ReadProcessMemory or WriteProcessMemory request was completed. (0x12B)
[0525/104400.620:ERROR:process_memory_win.cc(73)] ReadMemory at 0x7ffccbfc0000 of 384 bytes failed: Only part of a ReadProcessMemory or WriteProcessMemory request was completed. (0x12B)
[0525/104400.754:ERROR:process_memory_win.cc(73)] ReadMemory at 0x7ffccc05c074 of 672 bytes failed: Only part of a ReadProcessMemory or WriteProcessMemory request was completed. (0x12B)
[0525/104400.754:ERROR:process_memory_win.cc(73)] ReadMemory at 0x7ffccc05f924 of 608 bytes failed: Only part of a ReadProcessMemory or WriteProcessMemory request was completed. (0x12B)
[0525/104400.754:ERROR:process_memory_win.cc(73)] ReadMemory at 0x7ffccc0ec428 of 18 bytes failed: Only part of a ReadProcessMemory or WriteProcessMemory request was completed. (0x12B)
[0525/104400.754:ERROR:process_memory_win.cc(73)] ReadMemory at 0x7ffccc11f4f8 of 40 bytes failed: Only part of a ReadProcessMemory or WriteProcessMemory request was completed. (0x12B)
[0525/104400.758:ERROR:process_memory_win.cc(73)] ReadMemory at 0x7ffccc11f978 of 48 bytes failed: Only part of a ReadProcessMemory or WriteProcessMemory request was completed. (0x12B)
[0525/104400.758:ERROR:process_memory_win.cc(73)] ReadMemory at 0x7ffccc1253c0 of 64 bytes failed: Only part of a ReadProcessMemory or WriteProcessMemory request was completed. (0x12B)
[0525/104400.850:ERROR:scoped_process_suspend.cc(40)] NtResumeProcess: An attempt was made to access an exiting process. (0xc000010a)
[0527/074738.180:ERROR:process_reader_win.cc(123)] NtOpenThread: {Access Denied} A process has requested access to an object, but has not been granted those access rights. (0xc0000022)
[0527/074738.460:ERROR:process_reader_win.cc(123)] NtOpenThread: {Access Denied} A process has requested access to an object, but has not been granted those access rights. (0xc0000022)
[0527/074739.070:ERROR:exception_snapshot_win.cc(98)] thread ID 5632 not found in process
[0527/074739.070:ERROR:exception_snapshot_win.cc(98)] thread ID 2420 not found in process
